Determining if the pthread_create exist failed with the following output:
Change Dir: /home/zhichengye/ros_workspace/build/CMakeFiles/CMakeTmp

Run Build Command:"/usr/bin/make" "cmTC_5fc8c/fast"
/usr/bin/make -f CMakeFiles/cmTC_5fc8c.dir/build.make CMakeFiles/cmTC_5fc8c.dir/build
make[1]: Entering directory '/home/zhichengye/ros_workspace/build/CMakeFiles/CMakeTmp'
Building C object CMakeFiles/cmTC_5fc8c.dir/CheckSymbolExists.c.o
/usr/bin/cc    -o CMakeFiles/cmTC_5fc8c.dir/CheckSymbolExists.c.o   -c /home/zhichengye/ros_workspace/build/CMakeFiles/CMakeTmp/CheckSymbolExists.c
Linking C executable cmTC_5fc8c
/usr/bin/cmake -E cmake_link_script CMakeFiles/cmTC_5fc8c.dir/link.txt --verbose=1
/usr/bin/cc      -rdynamic CMakeFiles/cmTC_5fc8c.dir/CheckSymbolExists.c.o  -o cmTC_5fc8c 
CMakeFiles/cmTC_5fc8c.dir/CheckSymbolExists.c.o: In function `main':
CheckSymbolExists.c:(.text+0x1b): undefined reference to `pthread_create'
collect2: error: ld returned 1 exit status
CMakeFiles/cmTC_5fc8c.dir/build.make:97: recipe for target 'cmTC_5fc8c' failed
make[1]: *** [cmTC_5fc8c] Error 1
make[1]: Leaving directory '/home/zhichengye/ros_workspace/build/CMakeFiles/CMakeTmp'
Makefile:126: recipe for target 'cmTC_5fc8c/fast' failed
make: *** [cmTC_5fc8c/fast] Error 2

File /home/zhichengye/ros_workspace/build/CMakeFiles/CMakeTmp/CheckSymbolExists.c:
/* */
#include <pthread.h>

int main(int argc, char** argv)
{
  (void)argv;
#ifndef pthread_create
  return ((int*)(&pthread_create))[argc];
#else
  (void)argc;
  return 0;
#endif
}

Determining if the function pthread_create exists in the pthreads failed with the following output:
Change Dir: /home/zhichengye/ros_workspace/build/CMakeFiles/CMakeTmp

Run Build Command:"/usr/bin/make" "cmTC_230dd/fast"
/usr/bin/make -f CMakeFiles/cmTC_230dd.dir/build.make CMakeFiles/cmTC_230dd.dir/build
make[1]: Entering directory '/home/zhichengye/ros_workspace/build/CMakeFiles/CMakeTmp'
Building C object CMakeFiles/cmTC_230dd.dir/CheckFunctionExists.c.o
/usr/bin/cc   -DCHECK_FUNCTION_EXISTS=pthread_create   -o CMakeFiles/cmTC_230dd.dir/CheckFunctionExists.c.o   -c /usr/share/cmake-3.10/Modules/CheckFunctionExists.c
Linking C executable cmTC_230dd
/usr/bin/cmake -E cmake_link_script CMakeFiles/cmTC_230dd.dir/link.txt --verbose=1
/usr/bin/cc  -DCHECK_FUNCTION_EXISTS=pthread_create    -rdynamic CMakeFiles/cmTC_230dd.dir/CheckFunctionExists.c.o  -o cmTC_230dd -lpthreads 
/usr/bin/ld: cannot find -lpthreads
collect2: error: ld returned 1 exit status
CMakeFiles/cmTC_230dd.dir/build.make:97: recipe for target 'cmTC_230dd' failed
make[1]: *** [cmTC_230dd] Error 1
make[1]: Leaving directory '/home/zhichengye/ros_workspace/build/CMakeFiles/CMakeTmp'
Makefile:126: recipe for target 'cmTC_230dd/fast' failed
make: *** [cmTC_230dd/fast] Error 2


